Determining if the function pthread_create exists in the pthreads failed with the following output:
Change Dir: /work/02188/nikunj/multicore/parallelStuff/Galois-2.1.8/build/release/CMakeFiles/CMakeTmp

Run Build Command:/usr/bin/gmake "cmTryCompileExec/fast"
/usr/bin/gmake -f CMakeFiles/cmTryCompileExec.dir/build.make CMakeFiles/cmTryCompileExec.dir/build
gmake[1]: Entering directory `/work/02188/nikunj/multicore/parallelStuff/Galois-2.1.8/build/release/CMakeFiles/CMakeTmp'
/usr/bin/cmake -E cmake_progress_report /work/02188/nikunj/multicore/parallelStuff/Galois-2.1.8/build/release/CMakeFiles/CMakeTmp/CMakeFiles 1
Building C object CMakeFiles/cmTryCompileExec.dir/CheckFunctionExists.c.o
/usr/bin/gcc   -DCHECK_FUNCTION_EXISTS=pthread_create   -o CMakeFiles/cmTryCompileExec.dir/CheckFunctionExists.c.o   -c /usr/share/cmake/Modules/CheckFunctionExists.c
Linking C executable cmTryCompileExec
/usr/bin/cmake -E cmake_link_script CMakeFiles/cmTryCompileExec.dir/link.txt --verbose=1
/usr/bin/gcc     -DCHECK_FUNCTION_EXISTS=pthread_create  -fPIC CMakeFiles/cmTryCompileExec.dir/CheckFunctionExists.c.o  -o cmTryCompileExec -rdynamic -lpthreads 
/usr/bin/ld: cannot find -lpthreads
collect2: ld returned 1 exit status
gmake[1]: *** [cmTryCompileExec] Error 1
gmake[1]: Leaving directory `/work/02188/nikunj/multicore/parallelStuff/Galois-2.1.8/build/release/CMakeFiles/CMakeTmp'
gmake: *** [cmTryCompileExec/fast] Error 2


Determining if the function numa_available exists in the numa failed with the following output:
Change Dir: /work/02188/nikunj/multicore/parallelStuff/Galois-2.1.8/build/release/CMakeFiles/CMakeTmp

Run Build Command:/usr/bin/gmake "cmTryCompileExec/fast"
/usr/bin/gmake -f CMakeFiles/cmTryCompileExec.dir/build.make CMakeFiles/cmTryCompileExec.dir/build
gmake[1]: Entering directory `/work/02188/nikunj/multicore/parallelStuff/Galois-2.1.8/build/release/CMakeFiles/CMakeTmp'
/usr/bin/cmake -E cmake_progress_report /work/02188/nikunj/multicore/parallelStuff/Galois-2.1.8/build/release/CMakeFiles/CMakeTmp/CMakeFiles 1
Building C object CMakeFiles/cmTryCompileExec.dir/CheckFunctionExists.c.o
/usr/bin/gcc   -DCHECK_FUNCTION_EXISTS=numa_available   -o CMakeFiles/cmTryCompileExec.dir/CheckFunctionExists.c.o   -c /usr/share/cmake/Modules/CheckFunctionExists.c
Linking C executable cmTryCompileExec
/usr/bin/cmake -E cmake_link_script CMakeFiles/cmTryCompileExec.dir/link.txt --verbose=1
/usr/bin/gcc     -DCHECK_FUNCTION_EXISTS=numa_available  -fPIC CMakeFiles/cmTryCompileExec.dir/CheckFunctionExists.c.o  -o cmTryCompileExec -rdynamic -lnuma 
/usr/bin/ld: cannot find -lnuma
collect2: ld returned 1 exit status
gmake[1]: *** [cmTryCompileExec] Error 1
gmake[1]: Leaving directory `/work/02188/nikunj/multicore/parallelStuff/Galois-2.1.8/build/release/CMakeFiles/CMakeTmp'
gmake: *** [cmTryCompileExec/fast] Error 2


Performing C++ SOURCE FILE Test HAVE_CILK failed with the following output:
Change Dir: /work/02188/nikunj/multicore/parallelStuff/Galois-2.1.8/build/release/CMakeFiles/CMakeTmp

Run Build Command:/usr/bin/gmake "cmTryCompileExec/fast"
/usr/bin/gmake -f CMakeFiles/cmTryCompileExec.dir/build.make CMakeFiles/cmTryCompileExec.dir/build
gmake[1]: Entering directory `/work/02188/nikunj/multicore/parallelStuff/Galois-2.1.8/build/release/CMakeFiles/CMakeTmp'
/usr/bin/cmake -E cmake_progress_report /work/02188/nikunj/multicore/parallelStuff/Galois-2.1.8/build/release/CMakeFiles/CMakeTmp/CMakeFiles 1
Building CXX object CMakeFiles/cmTryCompileExec.dir/src.cxx.o
/usr/bin/c++    -DHAVE_CILK   -o CMakeFiles/cmTryCompileExec.dir/src.cxx.o -c /work/02188/nikunj/multicore/parallelStuff/Galois-2.1.8/build/release/CMakeFiles/CMakeTmp/src.cxx
/work/02188/nikunj/multicore/parallelStuff/Galois-2.1.8/build/release/CMakeFiles/CMakeTmp/src.cxx:2:23: error: cilk/cilk.h: No such file or directory
/work/02188/nikunj/multicore/parallelStuff/Galois-2.1.8/build/release/CMakeFiles/CMakeTmp/src.cxx: In function ‘int main()’:
/work/02188/nikunj/multicore/parallelStuff/Galois-2.1.8/build/release/CMakeFiles/CMakeTmp/src.cxx:3: error: expected primary-expression before ‘int’
/work/02188/nikunj/multicore/parallelStuff/Galois-2.1.8/build/release/CMakeFiles/CMakeTmp/src.cxx:3: error: ‘i’ was not declared in this scope
/work/02188/nikunj/multicore/parallelStuff/Galois-2.1.8/build/release/CMakeFiles/CMakeTmp/src.cxx:3: error: expected ‘;’ before ‘)’ token
gmake[1]: *** [CMakeFiles/cmTryCompileExec.dir/src.cxx.o] Error 1
gmake[1]: Leaving directory `/work/02188/nikunj/multicore/parallelStuff/Galois-2.1.8/build/release/CMakeFiles/CMakeTmp'
gmake: *** [cmTryCompileExec/fast] Error 2

Source file was:

#include <cilk/cilk.h>
int main(){ cilk_for (int i=0;i<1;++i) ; return 0; }

